<?xml version="1.0" encoding="UTF-8"?>
<!-- Generated by org.testng.reporters.JUnitXMLReporter -->
<testsuite ignored="0" hostname="Gayu" failures="0" tests="1" name="Test" time="0.134" errors="0" timestamp="2024-10-21T12:44:49 EDT">
  <testcase classname="com.opencart.testbase.BaseTest1" name="@BeforeClass setup" time="0.024">
    <failure type="java.lang.NullPointerException" message="Cannot invoke &amp;quot;String.equalsIgnoreCase(String)&amp;quot; because the return value of &amp;quot;java.util.Properties.getProperty(String)&amp;quot; is null">
      <![CDATA[java.lang.NullPointerException: Cannot invoke "String.equalsIgnoreCase(String)" because the return value of "java.util.Properties.getProperty(String)" is null
at com.opencart.testbase.BaseTest1.setup(BaseTest1.java:39)
at java.base/java.util.ArrayList.forEach(ArrayList.java:1597)
... Removed 23 stack frames]]>
    </failure>
  </testcase> <!-- @BeforeClass setup -->
  <testcase classname="com.opencart.testbase.BaseTest1" name="@AfterClass tearDown" time="0.0">
    <skipped/>
  </testcase> <!-- @AfterClass tearDown -->
  <testcase classname="com.opencart.testcases.TC001_AccRegistrationTest" name="verify_accountRegistration" time="0.0">
    <skipped/>
  </testcase> <!-- verify_accountRegistration -->
</testsuite> <!-- Test -->
