<?xml version="1.0" encoding="UTF-8"?>
<!-- Generated by org.testng.reporters.JUnitXMLReporter -->
<testsuite ignored="0" hostname="Gayu" failures="1" tests="2" name="Test(failed)" time="68.422" errors="0" timestamp="2024-10-17T18:22:05 EDT">
  <testcase classname="testCases.TC002_loginTest" name="verifyLogin" time="3.473"/>
  <testcase classname="testCases.TC003_LoginDDT" name="verifyLoginDDT" time="51.969">
    <failure type="java.lang.AssertionError" message="expected [true] but found [false]">
      <![CDATA[java.lang.AssertionError: expected [true] but found [false]
at testCases.TC003_LoginDDT.verifyLoginDDT(TC003_LoginDDT.java:42)
at java.base/java.util.ArrayList.forEach(ArrayList.java:1597)
... Removed 29 stack frames]]>
    </failure>
  </testcase> <!-- verifyLoginDDT -->
</testsuite> <!-- Test(failed) -->
