<?xml version="1.0" encoding="UTF-8"?>
<testng-results ignored="0" total="2" passed="2" failed="0" skipped="0">
  <reporter-output>
  </reporter-output>
  <suite started-at="2024-10-23T15:05:30 EDT" name="Master Suite" finished-at="2024-10-23T15:05:46 EDT" duration-ms="16546">
    <groups>
      <group name="Sanity">
        <method signature="TC001_AccRegistrationTest.verify_accountRegistration()[pri:0, instance:com.opencart.testcases.TC001_AccRegistrationTest@4ec4f3a0]" name="verify_accountRegistration" class="com.opencart.testcases.TC001_AccRegistrationTest"/>
        <method signature="TC002_LoginTest.verifyLogin()[pri:0, instance:com.opencart.testcases.TC002_LoginTest@1b7cc17c]" name="verifyLogin" class="com.opencart.testcases.TC002_LoginTest"/>
      </group> <!-- Sanity -->
      <group name="Regression">
        <method signature="TC002_LoginTest.verifyLogin()[pri:0, instance:com.opencart.testcases.TC002_LoginTest@1b7cc17c]" name="verifyLogin" class="com.opencart.testcases.TC002_LoginTest"/>
      </group> <!-- Regression -->
    </groups>
    <test started-at="2024-10-23T15:05:30 EDT" name="Test" finished-at="2024-10-23T15:05:46 EDT" duration-ms="16546">
      <class name="com.opencart.testcases.TC002_LoginTest">
        <test-method is-config="true" signature="setup(java.lang.String,java.lang.String,org.testng.ITestContext)[pri:0, instance:com.opencart.testcases.TC002_LoginTest@1b7cc17c]" started-at="2024-10-23T15:05:39 EDT" name="setup" finished-at="2024-10-23T15:05:43 EDT" duration-ms="4629" status="PASS">
          <params>
            <param index="0">
              <value>
                <![CDATA[Windows]]>
              </value>
            </param>
            <param index="1">
              <value>
                <![CDATA[chrome]]>
              </value>
            </param>
            <param index="2">
              <value>
                <![CDATA[org.testng.TestRunner@f288c14]]>
              </value>
            </param>
          </params>
          <reporter-output>
          </reporter-output>
        </test-method> <!-- setup -->
        <test-method signature="verifyLogin()[pri:0, instance:com.opencart.testcases.TC002_LoginTest@1b7cc17c]" started-at="2024-10-23T15:05:43 EDT" name="verifyLogin" finished-at="2024-10-23T15:05:46 EDT" duration-ms="3081" status="PASS">
          <reporter-output>
          </reporter-output>
        </test-method> <!-- verifyLogin -->
        <test-method is-config="true" signature="tearDown()[pri:0, instance:com.opencart.testcases.TC002_LoginTest@1b7cc17c]" started-at="2024-10-23T15:05:46 EDT" name="tearDown" finished-at="2024-10-23T15:05:46 EDT" duration-ms="180" status="PASS">
          <reporter-output>
          </reporter-output>
        </test-method> <!-- tearDown -->
      </class> <!-- com.opencart.testcases.TC002_LoginTest -->
      <class name="com.opencart.testcases.TC001_AccRegistrationTest">
        <test-method is-config="true" signature="setup(java.lang.String,java.lang.String,org.testng.ITestContext)[pri:0, instance:com.opencart.testcases.TC001_AccRegistrationTest@4ec4f3a0]" started-at="2024-10-23T15:05:30 EDT" name="setup" finished-at="2024-10-23T15:05:35 EDT" duration-ms="5215" status="PASS">
          <params>
            <param index="0">
              <value>
                <![CDATA[Windows]]>
              </value>
            </param>
            <param index="1">
              <value>
                <![CDATA[chrome]]>
              </value>
            </param>
            <param index="2">
              <value>
                <![CDATA[org.testng.TestRunner@f288c14]]>
              </value>
            </param>
          </params>
          <reporter-output>
          </reporter-output>
        </test-method> <!-- setup -->
        <test-method signature="verify_accountRegistration()[pri:0, instance:com.opencart.testcases.TC001_AccRegistrationTest@4ec4f3a0]" started-at="2024-10-23T15:05:35 EDT" name="verify_accountRegistration" finished-at="2024-10-23T15:05:38 EDT" duration-ms="3032" status="PASS">
          <reporter-output>
          </reporter-output>
        </test-method> <!-- verify_accountRegistration -->
        <test-method is-config="true" signature="tearDown()[pri:0, instance:com.opencart.testcases.TC001_AccRegistrationTest@4ec4f3a0]" started-at="2024-10-23T15:05:38 EDT" name="tearDown" finished-at="2024-10-23T15:05:39 EDT" duration-ms="190" status="PASS">
          <reporter-output>
          </reporter-output>
        </test-method> <!-- tearDown -->
      </class> <!-- com.opencart.testcases.TC001_AccRegistrationTest -->
    </test> <!-- Test -->
  </suite> <!-- Master Suite -->
</testng-results>
