<?xml version="1.0" encoding="UTF-8"?>
<testng-results ignored="0" total="2" passed="2" failed="0" skipped="0">
  <reporter-output>
  </reporter-output>
  <suite started-at="2024-10-23T09:16:15 EDT" name="Master Suite" finished-at="2024-10-23T09:16:30 EDT" duration-ms="14910">
    <groups>
      <group name="Sanity">
        <method signature="TC001_AccRegistrationTest.verify_accountRegistration()[pri:0, instance:com.opencart.testcases.TC001_AccRegistrationTest@23e84203]" name="verify_accountRegistration" class="com.opencart.testcases.TC001_AccRegistrationTest"/>
        <method signature="TC002_LoginTest.verifyLogin()[pri:0, instance:com.opencart.testcases.TC002_LoginTest@1972e513]" name="verifyLogin" class="com.opencart.testcases.TC002_LoginTest"/>
      </group> <!-- Sanity -->
      <group name="Regression">
        <method signature="TC002_LoginTest.verifyLogin()[pri:0, instance:com.opencart.testcases.TC002_LoginTest@1972e513]" name="verifyLogin" class="com.opencart.testcases.TC002_LoginTest"/>
      </group> <!-- Regression -->
    </groups>
    <test started-at="2024-10-23T09:16:15 EDT" name="Test" finished-at="2024-10-23T09:16:30 EDT" duration-ms="14910">
      <class name="com.opencart.testcases.TC002_LoginTest">
        <test-method is-config="true" signature="setup(java.lang.String,java.lang.String,org.testng.ITestContext)[pri:0, instance:com.opencart.testcases.TC002_LoginTest@1972e513]" started-at="2024-10-23T09:16:22 EDT" name="setup" finished-at="2024-10-23T09:16:27 EDT" duration-ms="4306" status="PASS">
          <params>
            <param index="0">
              <value>
                <![CDATA[Windows]]>
              </value>
            </param>
            <param index="1">
              <value>
                <![CDATA[chrome]]>
              </value>
            </param>
            <param index="2">
              <value>
                <![CDATA[org.testng.TestRunner@6cf0a747]]>
              </value>
            </param>
          </params>
          <reporter-output>
          </reporter-output>
        </test-method> <!-- setup -->
        <test-method signature="verifyLogin()[pri:0, instance:com.opencart.testcases.TC002_LoginTest@1972e513]" started-at="2024-10-23T09:16:27 EDT" name="verifyLogin" finished-at="2024-10-23T09:16:30 EDT" duration-ms="2763" status="PASS">
          <reporter-output>
          </reporter-output>
        </test-method> <!-- verifyLogin -->
        <test-method is-config="true" signature="tearDown()[pri:0, instance:com.opencart.testcases.TC002_LoginTest@1972e513]" started-at="2024-10-23T09:16:30 EDT" name="tearDown" finished-at="2024-10-23T09:16:30 EDT" duration-ms="148" status="PASS">
          <reporter-output>
          </reporter-output>
        </test-method> <!-- tearDown -->
      </class> <!-- com.opencart.testcases.TC002_LoginTest -->
      <class name="com.opencart.testcases.TC001_AccRegistrationTest">
        <test-method is-config="true" signature="setup(java.lang.String,java.lang.String,org.testng.ITestContext)[pri:0, instance:com.opencart.testcases.TC001_AccRegistrationTest@23e84203]" started-at="2024-10-23T09:16:15 EDT" name="setup" finished-at="2024-10-23T09:16:20 EDT" duration-ms="4658" status="PASS">
          <params>
            <param index="0">
              <value>
                <![CDATA[Windows]]>
              </value>
            </param>
            <param index="1">
              <value>
                <![CDATA[chrome]]>
              </value>
            </param>
            <param index="2">
              <value>
                <![CDATA[org.testng.TestRunner@6cf0a747]]>
              </value>
            </param>
          </params>
          <reporter-output>
          </reporter-output>
        </test-method> <!-- setup -->
        <test-method signature="verify_accountRegistration()[pri:0, instance:com.opencart.testcases.TC001_AccRegistrationTest@23e84203]" started-at="2024-10-23T09:16:20 EDT" name="verify_accountRegistration" finished-at="2024-10-23T09:16:22 EDT" duration-ms="2677" status="PASS">
          <reporter-output>
          </reporter-output>
        </test-method> <!-- verify_accountRegistration -->
        <test-method is-config="true" signature="tearDown()[pri:0, instance:com.opencart.testcases.TC001_AccRegistrationTest@23e84203]" started-at="2024-10-23T09:16:22 EDT" name="tearDown" finished-at="2024-10-23T09:16:22 EDT" duration-ms="74" status="PASS">
          <reporter-output>
          </reporter-output>
        </test-method> <!-- tearDown -->
      </class> <!-- com.opencart.testcases.TC001_AccRegistrationTest -->
    </test> <!-- Test -->
  </suite> <!-- Master Suite -->
</testng-results>
